This is LuaHBTeX, Version 1.12.0 (TeX Live 2020/W32TeX)  (format=lualatex 2021.3.22)  25 MAR 2021 13:35
 restricted system commands enabled.
**aft_article_llncs.tex
(./aft_article_llncs.tex
LaTeX2e <2020-10-01> patch level 4
Lua module: luaotfload 2021-01-08 3.17 Lua based OpenType font support
Lua module: lualibs 2020-12-30 2.73 ConTeXt Lua standard libraries.
Lua module: lualibs-extended 2020-12-30 2.73 ConTeXt Lua libraries -- extended c
ollection.
luaotfload | conf : Root cache directory is "C:/Users/joshh/AppData/Roaming/Tiny
TeX/texmf-var/luatex-cache/generic/names".
luaotfload | init : Loading fontloader "fontloader-2021-01-07.lua" from kpse-res
olved path "c:/Users/joshh/AppData/Roaming/TinyTeX/texmf-dist/tex/luatex/luaotfl
oad/fontloader-2021-01-07.lua".
Lua-only attribute luaotfload@noligature = 1
Lua-only attribute luaotfload@syllabe = 2
luaotfload | init : Context OpenType loader version 0x1.8e76c8b439581p+1
Inserting `luaotfload.node_processor' at position 1 in `pre_linebreak_filter'.
Inserting `luaotfload.node_processor' at position 1 in `hpack_filter'.
Inserting `luaotfload.glyph_stream' at position 1 in `glyph_stream_provider'.
Inserting `luaotfload.define_font' at position 1 in `define_font'.
Lua-only attribute luaotfload_color_attribute = 3
luaotfload | conf : Root cache directory is "C:/Users/joshh/AppData/Roaming/Tiny
TeX/texmf-var/luatex-cache/generic/names".
Inserting `luaotfload.harf.strip_prefix' at position 1 in `find_opentype_file'.
Inserting `luaotfload.harf.strip_prefix' at position 1 in `find_truetype_file'.
Inserting `luaotfload.harf.finalize_vlist' at position 1 in `post_linebreak_filt
er'.
Inserting `luaotfload.harf.finalize_hlist' at position 2 in `hpack_filter'.
Inserting `luaotfload.cleanup_files' at position 1 in `wrapup_run'.
Inserting `luaotfload.harf.finalize_unicode' at position 1 in `finish_pdffile'.
Inserting `luaotfload.glyphinfo' at position 1 in `glyph_info'.
Inserting `luaotfload.aux.set_sscale_dimens' at position 1 in `luaotfload.patch_
font'.
Inserting `luaotfload.aux.set_font_index' at position 2 in `luaotfload.patch_fon
t'.
Inserting `luaotfload.aux.patch_cambria_domh' at position 3 in `luaotfload.patch
_font'.
Inserting `luaotfload.aux.fixup_fontdata' at position 1 in `luaotfload.patch_fon
t_unsafe'.
Inserting `luaotfload.aux.set_capheight' at position 4 in `luaotfload.patch_font
'.
Inserting `luaotfload.aux.set_xheight' at position 5 in `luaotfload.patch_font'.
Inserting `luaotfload.rewrite_fontname' at position 6 in `luaotfload.patch_font'
. L3 programming layer <2021-02-18> (./llncs.cls
Document Class: llncs 2018/03/10 v2.20 
 LaTeX document class for Lecture Notes in Computer Science
(c:/Users/joshh/AppData/Roaming/TinyTeX/texmf-dist/tex/latex/base/article.cls
Document Class: article 2020/04/10 v1.4m Standard LaTeX document class
(c:/Users/joshh/AppData/Roaming/TinyTeX/texmf-dist/tex/latex/base/size10.clo
File: size10.clo 2020/04/10 v1.4m Standard LaTeX file (size option)
luaotfload | db : Font names database loaded from C:/Users/joshh/AppData/Roaming
/TinyTeX/texmf-var/luatex-cache/generic/names/luaotfload-names.luc)
\c@part=\count175
\c@section=\count176
\c@subsection=\count177
\c@subsubsection=\count178
\c@paragraph=\count179
\c@subparagraph=\count180
\c@figure=\count181
\c@table=\count182
\abovecaptionskip=\skip47
\belowcaptionskip=\skip48
\bibindent=\dimen138
)
(c:/Users/joshh/AppData/Roaming/TinyTeX/texmf-dist/tex/latex/tools/multicol.sty
Package: multicol 2019/12/09 v1.8y multicolumn formatting (FMi)
\c@tracingmulticols=\count183
\mult@box=\box47
\multicol@leftmargin=\dimen139
\c@unbalance=\count184
\c@collectmore=\count185
\doublecol@number=\count186
\multicoltolerance=\count187
\multicolpretolerance=\count188
\full@width=\dimen140
\page@free=\dimen141
\premulticols=\dimen142
\postmulticols=\dimen143
\multicolsep=\skip49
\multicolbaselineskip=\skip50
\partial@page=\box48
\last@line=\box49
\maxbalancingoverflow=\dimen144
\mult@rightbox=\box50
\mult@grightbox=\box51
\mult@gfirstbox=\box52
\mult@firstbox=\box53
\@tempa=\box54
\@tempa=\box55
\@tempa=\box56
\@tempa=\box57
\@tempa=\box58
\@tempa=\box59
\@tempa=\box60
\@tempa=\box61
\@tempa=\box62
\@tempa=\box63
\@tempa=\box64
\@tempa=\box65
\@tempa=\box66
\@tempa=\box67
\@tempa=\box68
\@tempa=\box69
\@tempa=\box70
\@tempa=\box71
\@tempa=\box72
\@tempa=\box73
\@tempa=\box74
\@tempa=\box75
\@tempa=\box76
\@tempa=\box77
\@tempa=\box78
\@tempa=\box79
\@tempa=\box80
\@tempa=\box81
\@tempa=\box82
\@tempa=\box83
\@tempa=\box84
\@tempa=\box85
\@tempa=\box86
\@tempa=\box87
\@tempa=\box88
\@tempa=\box89
\@tempa=\box90
\c@minrows=\count189
\c@columnbadness=\count190
\c@finalcolumnbadness=\count191
\last@try=\dimen145
\multicolovershoot=\dimen146
\multicolundershoot=\dimen147
\mult@nat@firstbox=\box91
\colbreak@box=\box92
\mc@col@check@num=\count192
)
(c:/Users/joshh/AppData/Roaming/TinyTeX/texmf-dist/tex/latex/oberdiek/aliascnt.
sty
Package: aliascnt 2018/09/07 v1.5 Alias counters (HO)
)
\c@chapter=\count193
LaTeX Font Info:    Redeclaring math symbol \Gamma on input line 362.
LaTeX Font Info:    Redeclaring math symbol \Delta on input line 363.
LaTeX Font Info:    Redeclaring math symbol \Theta on input line 364.
LaTeX Font Info:    Redeclaring math symbol \Lambda on input line 365.
LaTeX Font Info:    Redeclaring math symbol \Xi on input line 366.
LaTeX Font Info:    Redeclaring math symbol \Pi on input line 367.
LaTeX Font Info:    Redeclaring math symbol \Sigma on input line 368.
LaTeX Font Info:    Redeclaring math symbol \Upsilon on input line 369.
LaTeX Font Info:    Redeclaring math symbol \Phi on input line 370.
LaTeX Font Info:    Redeclaring math symbol \Psi on input line 371.
LaTeX Font Info:    Redeclaring math symbol \Omega on input line 372.
\tocchpnum=\dimen148
\tocsecnum=\dimen149
\tocsectotal=\dimen150
\tocsubsecnum=\dimen151
\tocsubsectotal=\dimen152
\tocsubsubsecnum=\dimen153
\tocsubsubsectotal=\dimen154
\tocparanum=\dimen155
\tocparatotal=\dimen156
\tocsubparanum=\dimen157
\@tempcntc=\count194
\fnindent=\dimen158
\c@@inst=\count195
\c@@auth=\count196
\c@auco=\count197
\instindent=\dimen159
\authrun=\box93
\authorrunning=\toks15
\tocauthor=\toks16
\titrun=\box94
\titlerunning=\toks17
\toctitle=\toks18
\c@theorem=\count198
\c@case=\count199
\c@conjecture=\count266
\c@corollary=\count267
\c@definition=\count268
\c@example=\count269
\c@exercise=\count270
\c@lemma=\count271
\c@note=\count272
\c@problem=\count273
\c@property=\count274
\c@proposition=\count275
\c@question=\count276
\c@solution=\count277
\c@remark=\count278
\headlineindent=\dimen160
) (c:/Users/joshh/AppData/Roaming/TinyTeX/texmf-dist/tex/latex/base/fixltx2e.st
y
Package: fixltx2e 2016/12/29 v2.1a fixes to LaTeX (obsolete)
Applying: [2015/01/01] Old fixltx2e package on input line 46.

Package fixltx2e Warning: fixltx2e is not required with releases after 2015
(fixltx2e)                All fixes are now in the LaTeX kernel.
(fixltx2e)                See the latexrelease package for details.

Already applied: [0000/00/00] Old fixltx2e package on input line 53.
) (c:/Users/joshh/AppData/Roaming/TinyTeX/texmf-dist/tex/generic/babel/babel.st
y
Package: babel 2021/03/03 3.55 The Babel package
(c:/Users/joshh/AppData/Roaming/TinyTeX/texmf-dist/tex/generic/babel/babel.def
File: babel.def 2021/03/03 3.55 Babel common definitions

(c:/Users/joshh/AppData/Roaming/TinyTeX/texmf-dist/tex/generic/babel/luababel.d
ef
\bbl@readstream=\read2
\l@dumylang=\language2
Package babel Info: Non-standard hyphenation setup on input line 117.
\l@nohyphenation=\language3
\babelcatcodetablenum=\catcodetable12
\bbl@pattcodes=\catcodetable13
)
\babel@savecnt=\count279
\U@D=\dimen161
\l@babelnohyphens=\language4

(c:/Users/joshh/AppData/Roaming/TinyTeX/texmf-dist/tex/generic/babel/luababel.d
ef
\bbl@attr@locale=\attribute4
))
(c:/Users/joshh/AppData/Roaming/TinyTeX/texmf-dist/tex/generic/babel-english/am
erican.ldf
Language: american 2017/06/06 v3.3r English support from the babel system

(c:/Users/joshh/AppData/Roaming/TinyTeX/texmf-dist/tex/generic/babel-english/en
glish.ldf
Language: english 2017/06/06 v3.3r English support from the babel system
Package babel Info: \l@british = using hyphenrules for english
(babel)             (\language0) on input line 82.
Package babel Info: \l@UKenglish = using hyphenrules for english
(babel)             (\language0) on input line 83.
Package babel Info: \l@canadian = using hyphenrules for english
(babel)             (\language0) on input line 102.
Package babel Info: \l@australian = using hyphenrules for english
(babel)             (\language0) on input line 105.
Package babel Info: \l@newzealand = using hyphenrules for english
(babel)             (\language0) on input line 108.
))) (c:/Users/joshh/AppData/Roaming/TinyTeX/texmf-dist/tex/latex/base/inputenc.
sty
Package: inputenc 2020/08/01 v1.3d Input encoding file
\inpenc@prehook=\toks19
\inpenc@posthook=\toks20

Package inputenc Warning: inputenc package ignored with utf8 based engines.

)
(c:/Users/joshh/AppData/Roaming/TinyTeX/texmf-dist/tex/latex/csquotes/csquotes.
sty
Package: csquotes 2021-02-22 v5.2l context-sensitive quotations (JAW)

(c:/Users/joshh/AppData/Roaming/TinyTeX/texmf-dist/tex/latex/etoolbox/etoolbox.
sty
Package: etoolbox 2020/10/05 v2.5k e-TeX tools for LaTeX (JAW)
\etb@tempcnta=\count280
)
(c:/Users/joshh/AppData/Roaming/TinyTeX/texmf-dist/tex/latex/graphics/keyval.st
y
Package: keyval 2014/10/28 v1.15 key=value parser (DPC)
\KV@toks@=\toks21
)
\csq@reset=\count281
\csq@gtype=\count282
\csq@glevel=\count283
\csq@qlevel=\count284
\csq@maxlvl=\count285
\csq@tshold=\count286
\csq@ltx@everypar=\toks22

(c:/Users/joshh/AppData/Roaming/TinyTeX/texmf-dist/tex/latex/csquotes/csquotes.
def
File: csquotes.def 2021-02-22 v5.2l csquotes generic definitions (JAW)
)
Package csquotes Info: Trying to load configuration file 'csquotes.cfg'...
Package csquotes Info: ... configuration file loaded successfully.

(c:/Users/joshh/AppData/Roaming/TinyTeX/texmf-dist/tex/latex/csquotes/csquotes.
cfg
File: csquotes.cfg 
))
(c:/Users/joshh/AppData/Roaming/TinyTeX/texmf-dist/tex/latex/graphics/graphicx.
sty
Package: graphicx 2020/09/09 v1.2b Enhanced LaTeX Graphics (DPC,SPQR)

(c:/Users/joshh/AppData/Roaming/TinyTeX/texmf-dist/tex/latex/graphics/graphics.
sty
Package: graphics 2020/08/30 v1.4c Standard LaTeX Graphics (DPC,SPQR)
(c:/Users/joshh/AppData/Roaming/TinyTeX/texmf-dist/tex/latex/graphics/trig.sty
Package: trig 2016/01/03 v1.10 sin cos tan (DPC)
)
(c:/Users/joshh/AppData/Roaming/TinyTeX/texmf-dist/tex/latex/graphics-cfg/graph
ics.cfg
File: graphics.cfg 2016/06/04 v1.11 sample graphics configuration
)
Package graphics Info: Driver file: luatex.def on input line 105.

(c:/Users/joshh/AppData/Roaming/TinyTeX/texmf-dist/tex/latex/graphics-def/luate
x.def
File: luatex.def 2020/10/05 v1.2a Graphics/color driver for luatex
))
\Gin@req@height=\dimen162
\Gin@req@width=\dimen163
) (c:/Users/joshh/AppData/Roaming/TinyTeX/texmf-dist/tex/latex/xcolor/xcolor.st
y
Package: xcolor 2016/05/11 v2.12 LaTeX color extensions (UK)

(c:/Users/joshh/AppData/Roaming/TinyTeX/texmf-dist/tex/latex/graphics-cfg/color
.cfg
File: color.cfg 2016/01/02 v1.6 sample color configuration
)
Package xcolor Info: Driver file: luatex.def on input line 225.
Package xcolor Info: Model `cmy' substituted by `cmy0' on input line 1348.
Package xcolor Info: Model `hsb' substituted by `rgb' on input line 1352.
Package xcolor Info: Model `RGB' extended on input line 1364.
Package xcolor Info: Model `HTML' substituted by `rgb' on input line 1366.
Package xcolor Info: Model `Hsb' substituted by `hsb' on input line 1367.
Package xcolor Info: Model `tHsb' substituted by `hsb' on input line 1368.
Package xcolor Info: Model `HSB' substituted by `hsb' on input line 1369.
Package xcolor Info: Model `Gray' substituted by `gray' on input line 1370.
Package xcolor Info: Model `wave' substituted by `hsb' on input line 1371.
)
(c:/Users/joshh/AppData/Roaming/TinyTeX/texmf-dist/tex/latex/hyperref/hyperref.
sty
Package: hyperref 2021-02-27 v7.00k Hypertext links for LaTeX

(c:/Users/joshh/AppData/Roaming/TinyTeX/texmf-dist/tex/generic/ltxcmds/ltxcmds.
sty
Package: ltxcmds 2020-05-10 v1.25 LaTeX kernel commands for general use (HO)
) (c:/Users/joshh/AppData/Roaming/TinyTeX/texmf-dist/tex/generic/iftex/iftex.st
y
Package: iftex 2020/03/06 v1.0d TeX engine tests
)
(c:/Users/joshh/AppData/Roaming/TinyTeX/texmf-dist/tex/generic/pdftexcmds/pdfte
xcmds.sty
Package: pdftexcmds 2020-06-27 v0.33 Utility functions of pdfTeX for LuaTeX (HO)


(c:/Users/joshh/AppData/Roaming/TinyTeX/texmf-dist/tex/generic/infwarerr/infwar
err.sty
Package: infwarerr 2019/12/03 v1.5 Providing info/warning/error messages (HO)
)
Package pdftexcmds Info: \pdf@primitive is available.
Package pdftexcmds Info: \pdf@ifprimitive is available.
Package pdftexcmds Info: \pdfdraftmode found.
\pdftexcmds@toks=\toks23
)
(c:/Users/joshh/AppData/Roaming/TinyTeX/texmf-dist/tex/generic/kvsetkeys/kvsetk
eys.sty
Package: kvsetkeys 2019/12/15 v1.18 Key value parser (HO)
)
(c:/Users/joshh/AppData/Roaming/TinyTeX/texmf-dist/tex/generic/kvdefinekeys/kvd
efinekeys.sty
Package: kvdefinekeys 2019-12-19 v1.6 Define keys (HO)
)
(c:/Users/joshh/AppData/Roaming/TinyTeX/texmf-dist/tex/generic/pdfescape/pdfesc
ape.sty
Package: pdfescape 2019/12/09 v1.15 Implements pdfTeX's escape features (HO)
)
(c:/Users/joshh/AppData/Roaming/TinyTeX/texmf-dist/tex/latex/hycolor/hycolor.st
y
Package: hycolor 2020-01-27 v1.10 Color options for hyperref/bookmark (HO)
)
(c:/Users/joshh/AppData/Roaming/TinyTeX/texmf-dist/tex/latex/letltxmacro/letltx
macro.sty
Package: letltxmacro 2019/12/03 v1.6 Let assignment for LaTeX macros (HO)
)
(c:/Users/joshh/AppData/Roaming/TinyTeX/texmf-dist/tex/latex/auxhook/auxhook.st
y
Package: auxhook 2019-12-17 v1.6 Hooks for auxiliary files (HO)
)
(c:/Users/joshh/AppData/Roaming/TinyTeX/texmf-dist/tex/latex/kvoptions/kvoption
s.sty
Package: kvoptions 2020-10-07 v3.14 Key value format for package options (HO)
)
\@linkdim=\dimen164
\Hy@linkcounter=\count287
\Hy@pagecounter=\count288

(c:/Users/joshh/AppData/Roaming/TinyTeX/texmf-dist/tex/latex/hyperref/pd1enc.de
f
File: pd1enc.def 2021-02-27 v7.00k Hyperref: PDFDocEncoding definition (HO)
)
(c:/Users/joshh/AppData/Roaming/TinyTeX/texmf-dist/tex/latex/hyperref/hyperref-
langpatches.def
File: hyperref-langpatches.def 2021-02-27 v7.00k Hyperref: patches for babel lan
guages
)
(c:/Users/joshh/AppData/Roaming/TinyTeX/texmf-dist/tex/generic/intcalc/intcalc.
sty
Package: intcalc 2019/12/15 v1.3 Expandable calculations with integers (HO)
)
(c:/Users/joshh/AppData/Roaming/TinyTeX/texmf-dist/tex/generic/etexcmds/etexcmd
s.sty
Package: etexcmds 2019/12/15 v1.7 Avoid name clashes with e-TeX commands (HO)
)
\Hy@SavedSpaceFactor=\count289

(c:/Users/joshh/AppData/Roaming/TinyTeX/texmf-dist/tex/latex/hyperref/puenc.def
File: puenc.def 2021-02-27 v7.00k Hyperref: PDF Unicode definition (HO)
)
Package hyperref Info: Option `unicode' set `true' on input line 4073.
Package hyperref Info: Hyper figures OFF on input line 4192.
Package hyperref Info: Link nesting OFF on input line 4197.
Package hyperref Info: Hyper index ON on input line 4200.
Package hyperref Info: Plain pages OFF on input line 4207.
Package hyperref Info: Backreferencing OFF on input line 4212.
Package hyperref Info: Implicit mode ON; LaTeX internals redefined.
Package hyperref Info: Bookmarks ON on input line 4445.
\c@Hy@tempcnt=\count290
(c:/Users/joshh/AppData/Roaming/TinyTeX/texmf-dist/tex/latex/url/url.sty
\Urlmuskip=\muskip16
Package: url 2013/09/16  ver 3.4  Verb mode for urls, etc.
)
LaTeX Info: Redefining \url on input line 4804.
\XeTeXLinkMargin=\dimen165

(c:/Users/joshh/AppData/Roaming/TinyTeX/texmf-dist/tex/generic/bitset/bitset.st
y
Package: bitset 2019/12/09 v1.3 Handle bit-vector datatype (HO)

(c:/Users/joshh/AppData/Roaming/TinyTeX/texmf-dist/tex/generic/bigintcalc/bigin
tcalc.sty
Package: bigintcalc 2019/12/15 v1.5 Expandable calculations on big integers (HO)

))
\Fld@menulength=\count291
\Field@Width=\dimen166
\Fld@charsize=\dimen167
Package hyperref Info: Hyper figures OFF on input line 6075.
Package hyperref Info: Link nesting OFF on input line 6080.
Package hyperref Info: Hyper index ON on input line 6083.
Package hyperref Info: backreferencing OFF on input line 6090.
Package hyperref Info: Link coloring OFF on input line 6095.
Package hyperref Info: Link coloring with OCG OFF on input line 6100.
Package hyperref Info: PDF/A mode OFF on input line 6105.
LaTeX Info: Redefining \ref on input line 6145.
LaTeX Info: Redefining \pageref on input line 6149.

(c:/Users/joshh/AppData/Roaming/TinyTeX/texmf-dist/tex/latex/base/atbegshi-ltx.
sty
Package: atbegshi-ltx 2020/08/17 v1.0a Emulation of the original atbegshi packag
e
with kernel methods
)
\Hy@abspage=\count292
\c@Item=\count293
\c@Hfootnote=\count294
)
Package hyperref Info: Driver (autodetected): hluatex.

(c:/Users/joshh/AppData/Roaming/TinyTeX/texmf-dist/tex/latex/hyperref/hluatex.d
ef
File: hluatex.def 2021-02-27 v7.00k Hyperref driver for luaTeX

(c:/Users/joshh/AppData/Roaming/TinyTeX/texmf-dist/tex/generic/stringenc/string
enc.sty
Package: stringenc 2019/11/29 v1.12 Convert strings between diff. encodings (HO)

)
(c:/Users/joshh/AppData/Roaming/TinyTeX/texmf-dist/tex/latex/base/atveryend-ltx
.sty
Package: atveryend-ltx 2020/08/19 v1.0a Emulation of the original atvery package

with kernel methods
)
\Fld@listcount=\count295
\c@bookmark@seq@number=\count296

(c:/Users/joshh/AppData/Roaming/TinyTeX/texmf-dist/tex/latex/rerunfilecheck/rer
unfilecheck.sty
Package: rerunfilecheck 2019/12/05 v1.9 Rerun checks for auxiliary files (HO)

(c:/Users/joshh/AppData/Roaming/TinyTeX/texmf-dist/tex/generic/uniquecounter/un
iquecounter.sty
Package: uniquecounter 2019/12/15 v1.4 Provide unlimited unique counter (HO)
)
Package uniquecounter Info: New unique counter `rerunfilecheck' on input line 28
6.
)
\Hy@SectionHShift=\skip51
) (c:/Users/joshh/AppData/Roaming/TinyTeX/texmf-dist/tex/latex/base/fontenc.sty
Package: fontenc 2020/08/10 v2.0s Standard LaTeX package
LaTeX Font Info:    Trying to load font information for T1+lmr on input line 112
.
(c:/Users/joshh/AppData/Roaming/TinyTeX/texmf-dist/tex/latex/lm/t1lmr.fd
File: t1lmr.fd 2009/10/30 v1.6 Font defs for Latin Modern
)) (c:/Users/joshh/AppData/Roaming/TinyTeX/texmf-dist/tex/latex/lm/lmodern.sty
Package: lmodern 2009/10/30 v1.6 Latin Modern Fonts
LaTeX Font Info:    Overwriting symbol font `operators' in version `normal'
(Font)                  OT1/cmr/m/n --> OT1/lmr/m/n on input line 22.
LaTeX Font Info:    Overwriting symbol font `letters' in version `normal'
(Font)                  OML/cmm/m/it --> OML/lmm/m/it on input line 23.
LaTeX Font Info:    Overwriting symbol font `symbols' in version `normal'
(Font)                  OMS/cmsy/m/n --> OMS/lmsy/m/n on input line 24.
LaTeX Font Info:    Overwriting symbol font `largesymbols' in version `normal'
(Font)                  OMX/cmex/m/n --> OMX/lmex/m/n on input line 25.
LaTeX Font Info:    Overwriting symbol font `operators' in version `bold'
(Font)                  OT1/cmr/bx/n --> OT1/lmr/bx/n on input line 26.
LaTeX Font Info:    Overwriting symbol font `letters' in version `bold'
(Font)                  OML/cmm/b/it --> OML/lmm/b/it on input line 27.
LaTeX Font Info:    Overwriting symbol font `symbols' in version `bold'
(Font)                  OMS/cmsy/b/n --> OMS/lmsy/b/n on input line 28.
LaTeX Font Info:    Overwriting symbol font `largesymbols' in version `bold'
(Font)                  OMX/cmex/m/n --> OMX/lmex/m/n on input line 29.
LaTeX Font Info:    Overwriting math alphabet `\mathbf' in version `normal'
(Font)                  OT1/cmr/bx/n --> OT1/lmr/bx/n on input line 31.
LaTeX Font Info:    Overwriting math alphabet `\mathsf' in version `normal'
(Font)                  OT1/cmss/m/n --> OT1/lmss/m/n on input line 32.
LaTeX Font Info:    Overwriting math alphabet `\mathit' in version `normal'
(Font)                  OT1/cmr/m/it --> OT1/lmr/m/it on input line 33.
LaTeX Font Info:    Overwriting math alphabet `\mathtt' in version `normal'
(Font)                  OT1/cmtt/m/n --> OT1/lmtt/m/n on input line 34.
LaTeX Font Info:    Overwriting math alphabet `\mathbf' in version `bold'
(Font)                  OT1/cmr/bx/n --> OT1/lmr/bx/n on input line 35.
LaTeX Font Info:    Overwriting math alphabet `\mathsf' in version `bold'
(Font)                  OT1/cmss/bx/n --> OT1/lmss/bx/n on input line 36.
LaTeX Font Info:    Overwriting math alphabet `\mathit' in version `bold'
(Font)                  OT1/cmr/bx/it --> OT1/lmr/bx/it on input line 37.
LaTeX Font Info:    Overwriting math alphabet `\mathtt' in version `bold'
(Font)                  OT1/cmtt/m/n --> OT1/lmtt/m/n on input line 38.
)
(c:/Users/joshh/AppData/Roaming/TinyTeX/texmf-dist/tex/latex/microtype/microtyp
e.sty
Package: microtype 2021/03/14 v2.8c Micro-typographical refinements (RS)
\MT@toks=\toks24
\MT@count=\count297
LaTeX Info: Redefining \textls on input line 790.
\MT@outer@kern=\dimen168
LaTeX Info: Redefining \textmicrotypecontext on input line 1374.
\MT@listname@count=\count298

(c:/Users/joshh/AppData/Roaming/TinyTeX/texmf-dist/tex/latex/microtype/microtyp
e-luatex.def
File: microtype-luatex.def 2021/03/14 v2.8c Definitions specific to luatex (RS)
Module microtype Info: overwriting function `keepligature' on input line 62
LaTeX Info: Redefining \lsstyle on input line 710.
LaTeX Info: Redefining \lslig on input line 710.
\MT@outer@space=\skip52
)
Package microtype Info: Loading configuration file microtype.cfg.

(c:/Users/joshh/AppData/Roaming/TinyTeX/texmf-dist/tex/latex/microtype/microtyp
e.cfg
File: microtype.cfg 2021/03/14 v2.8c microtype main configuration file (RS)
))
(c:/Users/joshh/AppData/Roaming/TinyTeX/texmf-dist/tex/latex/eurosym/eurosym.st
y
Package: eurosym 1998/08/06 v1.1 European currency symbol ``Euro''
\@eurobox=\box95
)
(c:/Users/joshh/AppData/Roaming/TinyTeX/texmf-dist/tex/latex/biblatex/biblatex.
sty
Package: biblatex 2020/12/31 v3.16 programmable bibliographies (PK/MW)
(c:/Users/joshh/AppData/Roaming/TinyTeX/texmf-dist/tex/latex/logreq/logreq.sty
Package: logreq 2010/08/04 v1.0 xml request logger
\lrq@indent=\count299
(c:/Users/joshh/AppData/Roaming/TinyTeX/texmf-dist/tex/latex/logreq/logreq.def
File: logreq.def 2010/08/04 v1.0 logreq spec v1.0
)) (c:/Users/joshh/AppData/Roaming/TinyTeX/texmf-dist/tex/latex/base/ifthen.sty
Package: ifthen 2014/09/29 v1.1c Standard LaTeX ifthen package (DPC)
)
\c@tabx@nest=\count300
\c@listtotal=\count301
\c@listcount=\count302
\c@liststart=\count303
\c@liststop=\count304
\c@citecount=\count305
\c@citetotal=\count306
\c@multicitecount=\count307
\c@multicitetotal=\count308
\c@instcount=\count309
\c@maxnames=\count310
\c@minnames=\count311
\c@maxitems=\count312
\c@minitems=\count313
\c@citecounter=\count314
\c@maxcitecounter=\count315
\c@savedcitecounter=\count316
\c@uniquelist=\count317
\c@uniquename=\count318
\c@refsection=\count319
\c@refsegment=\count320
\c@maxextratitle=\count321
\c@maxextratitleyear=\count322
\c@maxextraname=\count323
\c@maxextradate=\count324
\c@maxextraalpha=\count325
\c@abbrvpenalty=\count326
\c@highnamepenalty=\count327
\c@lownamepenalty=\count328
\c@maxparens=\count329
\c@parenlevel=\count330
\blx@tempcnta=\count331
\blx@tempcntb=\count332
\blx@tempcntc=\count333
\blx@maxsection=\count334
\blx@maxsegment@0=\count335
\blx@notetype=\count336
\blx@parenlevel@text=\count337
\blx@parenlevel@foot=\count338
\blx@sectionciteorder@0=\count339
\blx@entrysetcounter=\count340
\blx@biblioinstance=\count341
\labelnumberwidth=\skip53
\labelalphawidth=\skip54
\biblabelsep=\skip55
\bibitemsep=\skip56
\bibnamesep=\skip57
\bibinitsep=\skip58
\bibparsep=\skip59
\bibhang=\skip60
\blx@bcfin=\read3
\blx@bcfout=\write3
\blx@langwohyphens=\language5
\c@mincomprange=\count342
\c@maxcomprange=\count343
\c@mincompwidth=\count344
Package biblatex Info: Trying to load biblatex default data model...
Package biblatex Info: ... file 'blx-dm.def' found.

(c:/Users/joshh/AppData/Roaming/TinyTeX/texmf-dist/tex/latex/biblatex/blx-dm.de
f
File: blx-dm.def 2020/12/31 v3.16 biblatex localization (PK/MW)
)
Package biblatex Info: Trying to load biblatex custom data model...
Package biblatex Info: ... file 'biblatex-dm.cfg' not found.
\c@afterword=\count345
\c@savedafterword=\count346
\c@annotator=\count347
\c@savedannotator=\count348
\c@author=\count349
\c@savedauthor=\count350
\c@bookauthor=\count351
\c@savedbookauthor=\count352
\c@commentator=\count353
\c@savedcommentator=\count354
\c@editor=\count355
\c@savededitor=\count356
\c@editora=\count357
\c@savededitora=\count358
\c@editorb=\count359
\c@savededitorb=\count360
\c@editorc=\count361
\c@savededitorc=\count362
\c@foreword=\count363
\c@savedforeword=\count364
\c@holder=\count365
\c@savedholder=\count366
\c@introduction=\count367
\c@savedintroduction=\count368
\c@namea=\count369
\c@savednamea=\count370
\c@nameb=\count371
\c@savednameb=\count372
\c@namec=\count373
\c@savednamec=\count374
\c@translator=\count375
\c@savedtranslator=\count376
\c@shortauthor=\count377
\c@savedshortauthor=\count378
\c@shorteditor=\count379
\c@savedshorteditor=\count380
\c@labelname=\count381
\c@savedlabelname=\count382
\c@institution=\count383
\c@savedinstitution=\count384
\c@lista=\count385
\c@savedlista=\count386
\c@listb=\count387
\c@savedlistb=\count388
\c@listc=\count389
\c@savedlistc=\count390
\c@listd=\count391
\c@savedlistd=\count392
\c@liste=\count393
\c@savedliste=\count394
\c@listf=\count395
\c@savedlistf=\count396
\c@location=\count397
\c@savedlocation=\count398
\c@organization=\count399
\c@savedorganization=\count400
\c@origlocation=\count401
\c@savedoriglocation=\count402
\c@origpublisher=\count403
\c@savedorigpublisher=\count404
\c@publisher=\count405
\c@savedpublisher=\count406
\c@language=\count407
\c@savedlanguage=\count408
\c@origlanguage=\count409
\c@savedoriglanguage=\count410
\c@pageref=\count411
\c@savedpageref=\count412
\shorthandwidth=\skip61
\shortjournalwidth=\skip62
\shortserieswidth=\skip63
\shorttitlewidth=\skip64
\shortauthorwidth=\skip65
\shorteditorwidth=\skip66
\locallabelnumberwidth=\skip67
\locallabelalphawidth=\skip68
\localshorthandwidth=\skip69
\localshortjournalwidth=\skip70
\localshortserieswidth=\skip71
\localshorttitlewidth=\skip72
\localshortauthorwidth=\skip73
\localshorteditorwidth=\skip74
Package biblatex Info: Trying to load enhanced support for Unicode engines...
Package biblatex Info: ... file 'blx-unicode.def' found.

(c:/Users/joshh/AppData/Roaming/TinyTeX/texmf-dist/tex/latex/biblatex/blx-unico
de.def)
Package biblatex Info: Trying to load compatibility code...
Package biblatex Info: ... file 'blx-compat.def' found.

(c:/Users/joshh/AppData/Roaming/TinyTeX/texmf-dist/tex/latex/biblatex/blx-compa
t.def
File: blx-compat.def 2020/12/31 v3.16 biblatex compatibility (PK/MW)
)
Package biblatex Info: Trying to load generic definitions...
Package biblatex Info: ... file 'biblatex.def' found.

(c:/Users/joshh/AppData/Roaming/TinyTeX/texmf-dist/tex/latex/biblatex/biblatex.
def
File: biblatex.def 2020/12/31 v3.16 biblatex compatibility (PK/MW)
\c@textcitecount=\count413
\c@textcitetotal=\count414
\c@textcitemaxnames=\count415
\c@biburlbigbreakpenalty=\count416
\c@biburlbreakpenalty=\count417
\c@biburlnumpenalty=\count418
\c@biburlucpenalty=\count419
\c@biburllcpenalty=\count420
\biburlbigskip=\muskip17
\biburlnumskip=\muskip18
\biburlucskip=\muskip19
\biburllcskip=\muskip20
\c@smartand=\count421
)
Package biblatex Info: Trying to load bibliography style 'numeric'...
Package biblatex Info: ... file 'numeric.bbx' found.

(c:/Users/joshh/AppData/Roaming/TinyTeX/texmf-dist/tex/latex/biblatex/bbx/numer
ic.bbx
File: numeric.bbx 2020/12/31 v3.16 biblatex bibliography style (PK/MW)
Package biblatex Info: Trying to load bibliography style 'standard'...
Package biblatex Info: ... file 'standard.bbx' found.

(c:/Users/joshh/AppData/Roaming/TinyTeX/texmf-dist/tex/latex/biblatex/bbx/stand
ard.bbx
File: standard.bbx 2020/12/31 v3.16 biblatex bibliography style (PK/MW)
\c@bbx:relatedcount=\count422
\c@bbx:relatedtotal=\count423
))
Package biblatex Info: Trying to load citation style 'numeric'...
Package biblatex Info: ... file 'numeric.cbx' found.

(c:/Users/joshh/AppData/Roaming/TinyTeX/texmf-dist/tex/latex/biblatex/cbx/numer
ic.cbx
File: numeric.cbx 2020/12/31 v3.16 biblatex citation style (PK/MW)
Package biblatex Info: Redefining '\cite'.
Package biblatex Info: Redefining '\parencite'.
Package biblatex Info: Redefining '\footcite'.
Package biblatex Info: Redefining '\footcitetext'.
Package biblatex Info: Redefining '\smartcite'.
Package biblatex Info: Redefining '\supercite'.
Package biblatex Info: Redefining '\textcite'.
Package biblatex Info: Redefining '\textcites'.
Package biblatex Info: Redefining '\cites'.
Package biblatex Info: Redefining '\parencites'.
Package biblatex Info: Redefining '\smartcites'.
)
Package biblatex Info: Trying to load configuration file...
Package biblatex Info: ... file 'biblatex.cfg' found.

(c:/Users/joshh/AppData/Roaming/TinyTeX/texmf-dist/tex/latex/biblatex/biblatex.
cfg
File: biblatex.cfg 
))
Package hyperref Info: Option `breaklinks' set `true' on input line 42.

Package hyperref Warning: Option `bookmarks' has already been used,
(hyperref)                setting the option has no effect on input line 42.

Package hyperref Info: Option `colorlinks' set `true' on input line 42.

(c:/Users/joshh/AppData/Roaming/TinyTeX/texmf-dist/tex/latex/booktabs/booktabs.
sty
Package: booktabs 2020/01/12 v1.61803398 Publication quality tables
\heavyrulewidth=\dimen169
\lightrulewidth=\dimen170
\cmidrulewidth=\dimen171
\belowrulesep=\dimen172
\belowbottomsep=\dimen173
\aboverulesep=\dimen174
\abovetopsep=\dimen175
\cmidrulesep=\dimen176
\cmidrulekern=\dimen177
\defaultaddspace=\dimen178
\@cmidla=\count424
\@cmidlb=\count425
\@aboverulesep=\dimen179
\@belowrulesep=\dimen180
\@thisruleclass=\count426
\@lastruleclass=\count427
\@thisrulewidth=\dimen181
)
(c:/Users/joshh/AppData/Roaming/TinyTeX/texmf-dist/tex/latex/tools/longtable.st
y
Package: longtable 2020/01/07 v4.13 Multi-page Table package (DPC)
\LTleft=\skip75
\LTright=\skip76
\LTpre=\skip77
\LTpost=\skip78
\LTchunksize=\count428
\LTcapwidth=\dimen182
\LT@head=\box96
\LT@firsthead=\box97
\LT@foot=\box98
\LT@lastfoot=\box99
\LT@cols=\count429
\LT@rows=\count430
\c@LT@tables=\count431
\c@LT@chunks=\count432
\LT@p@ftn=\toks25
) (c:/Users/joshh/AppData/Roaming/TinyTeX/texmf-dist/tex/latex/tools/array.sty
Package: array 2020/10/01 v2.5c Tabular extension package (FMi)
\col@sep=\dimen183
\ar@mcellbox=\box100
\extrarowheight=\dimen184
\NC@list=\toks26
\extratabsurround=\skip79
\backup@length=\skip80
\ar@cellbox=\box101
)
(c:/Users/joshh/AppData/Roaming/TinyTeX/texmf-dist/tex/latex/multirow/multirow.
sty
Package: multirow 2021/03/15 v2.8 Span multiple rows of a table
\multirow@colwidth=\skip81
\multirow@cntb=\count433
\multirow@dima=\skip82
\bigstrutjot=\dimen185
)
(c:/Users/joshh/AppData/Roaming/TinyTeX/texmf-dist/tex/latex/wrapfig/wrapfig.st
y
\wrapoverhang=\dimen186
\WF@size=\dimen187
\c@WF@wrappedlines=\count434
\WF@box=\box102
\WF@everypar=\toks27
Package: wrapfig 2003/01/31  v 3.6
) (c:/Users/joshh/AppData/Roaming/TinyTeX/texmf-dist/tex/latex/float/float.sty
Package: float 2001/11/08 v1.3d Float enhancements (AL)
\c@float@type=\count435
\float@exts=\toks28
\float@box=\box103
\@float@everytoks=\toks29
\@floatcapt=\box104
)
(c:/Users/joshh/AppData/Roaming/TinyTeX/texmf-dist/tex/latex/colortbl/colortbl.
sty
Package: colortbl 2020/01/04 v1.0e Color table columns (DPC)
\everycr=\toks30
\minrowclearance=\skip83
)
(c:/Users/joshh/AppData/Roaming/TinyTeX/texmf-dist/tex/latex/pdflscape/pdflscap
e.sty
Package: pdflscape 2019/12/05 v0.12 Display of landscape pages in PDF (HO)

(c:/Users/joshh/AppData/Roaming/TinyTeX/texmf-dist/tex/latex/graphics/lscape.st
y
Package: lscape 2020/05/28 v3.02 Landscape Pages (DPC)
)
Package pdflscape Info: Auto-detected driver: pdftex on input line 81.
) (c:/Users/joshh/AppData/Roaming/TinyTeX/texmf-dist/tex/latex/tabu/tabu.sty
Package: tabu 2019/01/11 v2.9 - flexible LaTeX tabulars (FC+tabu-fixed)

(c:/Users/joshh/AppData/Roaming/TinyTeX/texmf-dist/tex/latex/varwidth/varwidth.
sty
Package: varwidth 2009/03/30 ver 0.92;  Variable-width minipages
\@vwid@box=\box105
\sift@deathcycles=\count436
\@vwid@loff=\dimen188
\@vwid@roff=\dimen189
)
\c@taburow=\count437
\tabu@nbcols=\count438
\tabu@cnt=\count439
\tabu@Xcol=\count440
\tabu@alloc=\count441
\tabu@nested=\count442
\tabu@target=\dimen190
\tabu@spreadtarget=\dimen191
\tabu@naturalX=\dimen192
\tabucolX=\dimen193
\tabu@Xsum=\dimen194
\extrarowdepth=\dimen195
\abovetabulinesep=\dimen196
\belowtabulinesep=\dimen197
\tabustrutrule=\dimen198
\tabu@thebody=\toks31
\tabu@footnotes=\toks32
\tabu@box=\box106
\tabu@arstrutbox=\box107
\tabu@hleads=\box108
\tabu@vleads=\box109
\tabu@cellskip=\skip84
)
(c:/Users/joshh/AppData/Roaming/TinyTeX/texmf-dist/tex/latex/threeparttable/thr
eeparttable.sty
Package: threeparttable 2003/06/13  v 3.0
\@tempboxb=\box110
)
(c:/Users/joshh/AppData/Roaming/TinyTeX/texmf-dist/tex/latex/threeparttablex/th
reeparttablex.sty
Package: threeparttablex 2013/07/23 v0.3 by daleif

(c:/Users/joshh/AppData/Roaming/TinyTeX/texmf-dist/tex/latex/environ/environ.st
y
Package: environ 2014/05/04 v0.3 A new way to define environments

(c:/Users/joshh/AppData/Roaming/TinyTeX/texmf-dist/tex/latex/trimspaces/trimspa
ces.sty
Package: trimspaces 2009/09/17 v1.1 Trim spaces around a token list
)
\@envbody=\toks33
)
\TPTL@width=\skip85
) (c:/Users/joshh/AppData/Roaming/TinyTeX/texmf-dist/tex/generic/ulem/ulem.sty
\UL@box=\box111
\UL@hyphenbox=\box112
\UL@skip=\skip86
\UL@hook=\toks34
\UL@height=\dimen199
\UL@pe=\count443
\UL@pixel=\dimen256
\ULC@box=\box113
Package: ulem 2019/11/18
\ULdepth=\dimen257
)
(c:/Users/joshh/AppData/Roaming/TinyTeX/texmf-dist/tex/latex/makecell/makecell.
sty
Package: makecell 2009/08/03 V0.1e Managing of Tab Column Heads and Cells
\rotheadsize=\dimen258
\c@nlinenum=\count444
\TeXr@lab=\toks35
)
(c:/Users/joshh/AppData/Roaming/TinyTeX/texmf-dist/tex/latex/upquote/upquote.st
y
Package: upquote 2012/04/19 v1.3 upright-quote and grave-accent glyphs in verbat
im
(c:/Users/joshh/AppData/Roaming/TinyTeX/texmf-dist/tex/latex/base/textcomp.sty
Package: textcomp 2020/02/02 v2.0n Standard LaTeX package
))
Package csquotes Info: Checking for multilingual support...
Package csquotes Info: ... found 'babel' package.
Package csquotes Info: Adjusting default style.
Package csquotes Info: Redefining alias 'default' -> 'american'.

(c:/Users/joshh/AppData/Roaming/TinyTeX/texmf-dist/tex/latex/l3backend/l3backen
d-luatex.def
File: l3backend-luatex.def 2021-03-18 L3 backend support: PDF output (LuaTeX)
\l__color_backend_stack_int=\count445
\l__pdf_internal_box=\box114
) (./aft_article_llncs.aux)
\openout1 = aft_article_llncs.aux

LaTeX Font Info:    Checking defaults for OML/cmm/m/it on input line 74.
LaTeX Font Info:    ... okay on input line 74.
LaTeX Font Info:    Checking defaults for OMS/cmsy/m/n on input line 74.
LaTeX Font Info:    ... okay on input line 74.
LaTeX Font Info:    Checking defaults for OT1/cmr/m/n on input line 74.
LaTeX Font Info:    ... okay on input line 74.
LaTeX Font Info:    Checking defaults for T1/cmr/m/n on input line 74.
LaTeX Font Info:    ... okay on input line 74.
LaTeX Font Info:    Checking defaults for TS1/cmr/m/n on input line 74.
LaTeX Font Info:    Trying to load font information for TS1+cmr on input line 74
.
(c:/Users/joshh/AppData/Roaming/TinyTeX/texmf-dist/tex/latex/base/ts1cmr.fd
File: ts1cmr.fd 2019/12/16 v2.5j Standard LaTeX font definitions
)
LaTeX Font Info:    ... okay on input line 74.
LaTeX Font Info:    Checking defaults for TU/lmr/m/n on input line 74.
LaTeX Font Info:    ... okay on input line 74.
LaTeX Font Info:    Checking defaults for OMX/cmex/m/n on input line 74.
LaTeX Font Info:    ... okay on input line 74.
LaTeX Font Info:    Checking defaults for U/cmr/m/n on input line 74.
LaTeX Font Info:    ... okay on input line 74.
LaTeX Font Info:    Checking defaults for PD1/pdf/m/n on input line 74.
LaTeX Font Info:    ... okay on input line 74.
LaTeX Font Info:    Checking defaults for PU/pdf/m/n on input line 74.
LaTeX Font Info:    ... okay on input line 74.

(c:/Users/joshh/AppData/Roaming/TinyTeX/texmf-dist/tex/latex/epstopdf-pkg/epsto
pdf-base.sty
Package: epstopdf-base 2020-01-24 v2.11 Base part for package epstopdf
Package epstopdf-base Info: Redefining graphics rule for `.eps' on input line 48
5.

(c:/Users/joshh/AppData/Roaming/TinyTeX/texmf-dist/tex/latex/latexconfig/epstop
df-sys.cfg
File: epstopdf-sys.cfg 2010/07/13 v1.3 Configuration of (r)epstopdf for TeX Live

))
Package hyperref Info: Link coloring ON on input line 74.

(c:/Users/joshh/AppData/Roaming/TinyTeX/texmf-dist/tex/latex/hyperref/nameref.s
ty
Package: nameref 2021-04-02 v2.47 Cross-referencing by name of section

(c:/Users/joshh/AppData/Roaming/TinyTeX/texmf-dist/tex/latex/refcount/refcount.
sty
Package: refcount 2019/12/15 v3.6 Data extraction from label references (HO)
)
(c:/Users/joshh/AppData/Roaming/TinyTeX/texmf-dist/tex/generic/gettitlestring/g
ettitlestring.sty
Package: gettitlestring 2019/12/15 v1.6 Cleanup title references (HO)
)
\c@section@level=\count446
)
LaTeX Info: Redefining \ref on input line 74.
LaTeX Info: Redefining \pageref on input line 74.
LaTeX Info: Redefining \nameref on input line 74.
(./aft_article_llncs.out) (./aft_article_llncs.out)
\@outlinefile=\write4

\openout4 = aft_article_llncs.out
LaTeX Info: Redefining \microtypecontext on input line 74.
Package microtype Info: Generating PDF output.
Package microtype Info: Character protrusion enabled (level 2).
Package microtype Info: Using protrusion set `basicmath'.
Package microtype Info: Automatic font expansion enabled (level 2),
(microtype)             stretch: 20, shrink: 20, step: 1, non-selected.
Package microtype Info: Using default expansion set `alltext-nott'.
LaTeX Info: Redefining \showhyphens on input line 74.
Package microtype Info: No adjustment of tracking.
Package microtype Info: No adjustment of spacing.
Package microtype Info: No adjustment of kerning.

(c:/Users/joshh/AppData/Roaming/TinyTeX/texmf-dist/tex/latex/microtype/mt-cmr.c
fg
File: mt-cmr.cfg 2013/05/19 v2.2 microtype config. file: Computer Modern Roman (
RS)
)
Package biblatex Info: Trying to load language 'american'...
Package biblatex Info: ... file 'american.lbx' found.

(c:/Users/joshh/AppData/Roaming/TinyTeX/texmf-dist/tex/latex/biblatex/lbx/ameri
can.lbx
File: american.lbx 2020/12/31 v3.16 biblatex localization (PK/MW)
Package biblatex Info: Trying to load language 'english'...
Package biblatex Info: ... file 'english.lbx' found.

(c:/Users/joshh/AppData/Roaming/TinyTeX/texmf-dist/tex/latex/biblatex/lbx/engli
sh.lbx
File: english.lbx 2020/12/31 v3.16 biblatex localization (PK/MW)
)
Package biblatex Info: Trying to load language 'english'...
Package biblatex Info: ... file 'english.lbx' found.

(c:/Users/joshh/AppData/Roaming/TinyTeX/texmf-dist/tex/latex/biblatex/lbx/engli
sh.lbx
File: english.lbx 2020/12/31 v3.16 biblatex localization (PK/MW)
))
Package biblatex Info: LuaTeX detected.
(biblatex)             Assuming input encoding 'utf8'.
Package biblatex Info: Automatic encoding selection.
(biblatex)             Assuming data encoding 'utf8'.
Package biblatex Info: Document encoding is UTF8 ....

(c:/Users/joshh/AppData/Roaming/TinyTeX/texmf-dist/tex/latex/l3kernel/expl3.sty
Package: expl3 2021-02-18 L3 programming layer (loader) 
)
Package biblatex Info: ... and expl3
(biblatex)             2021-02-18 L3 programming layer (loader) 
(biblatex)             is new enough (at least 2020/04/06),
(biblatex)             setting 'casechanger=expl3'.

(c:/Users/joshh/AppData/Roaming/TinyTeX/texmf-dist/tex/latex/biblatex/blx-case-
expl3.sty
(c:/Users/joshh/AppData/Roaming/TinyTeX/texmf-dist/tex/latex/l3packages/xparse/
xparse.sty
(c:/Users/joshh/AppData/Roaming/TinyTeX/texmf-dist/tex/latex/l3packages/xparse/
xparse-2020-10-01.sty
(c:/Users/joshh/AppData/Roaming/TinyTeX/texmf-dist/tex/latex/l3packages/xparse/
xparse-generic.tex)))
Package: blx-case-expl3 2020/12/31 v3.16 expl3 case changing code for biblatex
)
\openout3 = aft_article_llncs.bcf

Package biblatex Info: Trying to load bibliographic data...
Package biblatex Info: ... file 'aft_article_llncs.bbl' found.
(./aft_article_llncs.bbl)
Package biblatex Info: Reference section=0 on input line 74.
Package biblatex Info: Reference segment=0 on input line 74.
(./authors.tex)
LaTeX Font Info:    Trying to load font information for OT1+lmr on input line 87
.
(c:/Users/joshh/AppData/Roaming/TinyTeX/texmf-dist/tex/latex/lm/ot1lmr.fd
File: ot1lmr.fd 2009/10/30 v1.6 Font defs for Latin Modern
)
LaTeX Font Info:    Trying to load font information for OML+lmm on input line 87
.
(c:/Users/joshh/AppData/Roaming/TinyTeX/texmf-dist/tex/latex/lm/omllmm.fd
File: omllmm.fd 2009/10/30 v1.6 Font defs for Latin Modern
)
LaTeX Font Info:    Trying to load font information for OMS+lmsy on input line 8
7.
(c:/Users/joshh/AppData/Roaming/TinyTeX/texmf-dist/tex/latex/lm/omslmsy.fd
File: omslmsy.fd 2009/10/30 v1.6 Font defs for Latin Modern
)
LaTeX Font Info:    Trying to load font information for OMX+lmex on input line 8
7.
(c:/Users/joshh/AppData/Roaming/TinyTeX/texmf-dist/tex/latex/lm/omxlmex.fd
File: omxlmex.fd 2009/10/30 v1.6 Font defs for Latin Modern
)
LaTeX Font Info:    External font `lmex10' loaded for size
(Font)              <10> on input line 87.
LaTeX Font Info:    External font `lmex10' loaded for size
(Font)              <7> on input line 87.
LaTeX Font Info:    External font `lmex10' loaded for size
(Font)              <5> on input line 87.
LaTeX Font Info:    Trying to load font information for T1+lmtt on input line 87
.
(c:/Users/joshh/AppData/Roaming/TinyTeX/texmf-dist/tex/latex/lm/t1lmtt.fd
File: t1lmtt.fd 2009/10/30 v1.6 Font defs for Latin Modern
)
LaTeX Font Info:    External font `lmex10' loaded for size
(Font)              <9> on input line 87.
LaTeX Font Info:    External font `lmex10' loaded for size
(Font)              <6> on input line 87.
[1

{c:/Users/joshh/AppData/Roaming/TinyTeX/texmf-var/fonts/map/pdftex/updmap/pdftex
.map}] [2] [3] [4] [5] [6] [7]
LaTeX Font Info:    Font shape `T1/lmtt/bx/n' in size <12> not available
(Font)              Font shape `T1/lmtt/b/n' tried instead on input line 269.
[8]
<aft_article_llncs_files/figure-latex/wordhist-1.pdf, id=277, 469.755pt x 168.63
pt>
File: aft_article_llncs_files/figure-latex/wordhist-1.pdf Graphic file (type pdf
)
<use aft_article_llncs_files/figure-latex/wordhist-1.pdf>
Package luatex.def Info: aft_article_llncs_files/figure-latex/wordhist-1.pdf  us
ed on input line 328.
(luatex.def)             Requested size: 347.12354pt x 124.60927pt.
<aft_article_llncs_files/figure-latex/unnamed-chunk-2-1.pdf, id=278, 469.755pt x
 234.8775pt>
File: aft_article_llncs_files/figure-latex/unnamed-chunk-2-1.pdf Graphic file (t
ype pdf)
<use aft_article_llncs_files/figure-latex/unnamed-chunk-2-1.pdf>
Package luatex.def Info: aft_article_llncs_files/figure-latex/unnamed-chunk-2-1.
pdf  used on input line 337.
(luatex.def)             Requested size: 347.12354pt x 173.56291pt.
[9
warning  (pdf backend): ignoring duplicate destination with the name 'table.1.1'


warning  (pdf backend): ignoring duplicate destination with the name 'figure.1.1
'
<./aft_article_llncs_files/figure-latex/wordhist-1.pdf>]
Package microtype Info: Character `029' is missing
(microtype)             in font `T1/lmr/m/sc/10'.
(microtype)             Ignoring protrusion settings for this character.
[10
warning  (pdf backend): ignoring duplicate destination with the name 'figure.1.2
'
<./aft_article_llncs_files/figure-latex/unnamed-chunk-2-1.pdf>] [11
Missing character: There is no “ (U+201C) in font ec-lmr10!
]
Overfull \hbox (11.96187pt too wide) in paragraph at lines 375--375
[]\T1/lmr/m/n/10 Elis-a-beth Fren-zel. \T1/lmr/m/it/10 Stoffe der Weltlit-er-atu
r: ein Lexikon dich-tungs-geschichtlicher
 []

[12
Missing character: There is no ’ (U+2019) in font ec-lmr10!
Missing character: There is no ’ (U+2019) in font ec-lmr10!
]
Overfull \hbox (2.93523pt too wide) in paragraph at lines 375--375
\T1/lmr/m/n/10 Doha, Qatar: As-so-ci-a-tion for Com-pu-ta-tional Lin-guis-tics, Oct. 2014, pp. 1532
 []

[13] [14] [15] (./aft_article_llncs.aux)
Package rerunfilecheck Info: File `aft_article_llncs.out' has not changed.
(rerunfilecheck)             Checksum: 09203D868266E9433480E46316240478;511.
Package logreq Info: Writing requests to 'aft_article_llncs.run.xml'.

\openout1 = aft_article_llncs.run.xml
)

Here is how much of LuaTeX's memory you used:
 21781 strings out of 478534
 100000,1373583 words of node,token memory allocated
 1217 words of node memory still in use:
   5 hlist, 1 vlist, 1 rule, 4 disc, 19 glue, 4 kern, 47 glyph, 50 attribute, 73
 glue_spec, 26 attribute_list, 1 write, 7 pdf_action nodes
   avail lists: 1:1,2:1781,3:424,4:207,5:524,6:103,7:7720,8:89,9:319,10:22,11:64
0
 40681 multiletter control sequences out of 65536+600000
 57 fonts using 4106691 bytes
 73i,9n,71p,2722b,1691s stack positions out of 5000i,500n,10000p,200000b,200000s
{c:/Users/joshh/AppData/Roaming/TinyTeX/texmf-dist/fonts/enc/dvips/lm/lm-ec.enc}
{c:/Users/joshh/AppData/Roaming/TinyTeX/texmf-dist/fonts/enc/dvips/lm/lm-ts1.enc
}{c:/Users/joshh/AppData/Roaming/TinyTeX/texmf-dist/fonts/enc/dvips/lm/lm-rm.enc
}{c:/Users/joshh/AppData/Roaming/TinyTeX/texmf-dist/fonts/enc/dvips/lm/lm-mathsy
.enc}<c:/Users/joshh/AppData/Roaming/TinyTeX/texmf-dist/fonts/type1/public/lm/lm
bx10.pfb><c:/Users/joshh/AppData/Roaming/TinyTeX/texmf-dist/fonts/type1/public/l
m/lmbx12.pfb><c:/Users/joshh/AppData/Roaming/TinyTeX/texmf-dist/fonts/type1/publ
ic/lm/lmbx9.pfb><c:/Users/joshh/AppData/Roaming/TinyTeX/texmf-dist/fonts/type1/p
ublic/lm/lmcsc10.pfb><c:/Users/joshh/AppData/Roaming/TinyTeX/texmf-dist/fonts/ty
pe1/public/lm/lmr10.pfb><c:/Users/joshh/AppData/Roaming/TinyTeX/texmf-dist/fonts
/type1/public/lm/lmr6.pfb><c:/Users/joshh/AppData/Roaming/TinyTeX/texmf-dist/fon
ts/type1/public/lm/lmr7.pfb><c:/Users/joshh/AppData/Roaming/TinyTeX/texmf-dist/f
onts/type1/public/lm/lmr9.pfb><c:/Users/joshh/AppData/Roaming/TinyTeX/texmf-dist
/fonts/type1/public/lm/lmri10.pfb><c:/Users/joshh/AppData/Roaming/TinyTeX/texmf-
dist/fonts/type1/public/lm/lmri9.pfb><c:/Users/joshh/AppData/Roaming/TinyTeX/tex
mf-dist/fonts/type1/public/lm/lmsy7.pfb><c:/Users/joshh/AppData/Roaming/TinyTeX/
texmf-dist/fonts/type1/public/lm/lmtk10.pfb><c:/Users/joshh/AppData/Roaming/Tiny
TeX/texmf-dist/fonts/type1/public/lm/lmtt10.pfb><c:/Users/joshh/AppData/Roaming/
TinyTeX/texmf-dist/fonts/type1/public/lm/lmtt9.pfb>
Output written on aft_article_llncs.pdf (15 pages, 408097 bytes).

PDF statistics: 443 PDF objects out of 1000 (max. 8388607)
 401 compressed objects within 5 object streams
 145 named destinations out of 1000 (max. 131072)
 9 words of extra memory for PDF output out of 10000 (max. 100000000)

